2025-08-22 15:11:54,291 [INFO] Activator:176 - 


2025-08-22 15:11:54,293 [INFO] Activator:177 - !SESSION log4j initialized
2025-08-22 15:11:56,910 [INFO] LogOutputStream:77 - [STDOUT_REDIRECT] 
2025-08-22 15:12:04,893 [INFO] ApplicationProperties:184 - Using Application install path: D:\Application\CubeIDE\STM32CubeIDE_1.18.1\STM32CubeIDE\plugins\com.st.stm32cube.common.mx_6.14.1.202504091515
2025-08-22 15:12:04,918 [INFO] DbMcusXml:78 - Set database path to: D:\Application\CubeIDE\STM32CubeIDE_1.18.1\STM32CubeIDE\plugins\com.st.stm32cube.common.mx_6.14.1.202504091515\\db\/mcu/
2025-08-22 15:12:04,919 [INFO] ApiDb:274 - Set plugin database path to: D:\Application\CubeIDE\STM32CubeIDE_1.18.1\STM32CubeIDE\plugins\com.st.stm32cube.common.mx_6.14.1.202504091515\\db\/plugins/boardmanager/
2025-08-22 15:12:04,920 [WARN] ApiDb:259 - Overriding images path with different value:  => D:\Application\CubeIDE\STM32CubeIDE_1.18.1\STM32CubeIDE\plugins\com.st.stm32cube.common.mx_6.14.1.202504091515\\db\/plugins/mcufinder/images/
2025-08-22 15:12:04,929 [INFO] ApiDb:250 - Set database path to: C:\Users\HP\.stmcufinder\plugins\mcufinder//mcu/
2025-08-22 15:12:04,931 [INFO] DbMcusAds:125 - Set database path to: C:\Users\HP\.stmcufinder\plugins\mcufinder//mcu/
2025-08-22 15:12:04,935 [INFO] CrossReferenceDbSqlite:203 - Set database path to: C:\Users\HP\.stmcufinder\plugins\mcufinder//mcu/cs/
2025-08-22 15:12:05,118 [INFO] RulesReader:64 - Compatibility file has been processed (302 Rules)
2025-08-22 15:12:05,247 [INFO] DbMcusXml:78 - Set database path to: D:\Application\CubeIDE\STM32CubeIDE_1.18.1\STM32CubeIDE\plugins\com.st.stm32cube.common.mx_6.14.1.202504091515\\db\/mcu/
2025-08-22 15:12:05,247 [INFO] ApiDb:274 - Set plugin database path to: D:\Application\CubeIDE\STM32CubeIDE_1.18.1\STM32CubeIDE\plugins\com.st.stm32cube.common.mx_6.14.1.202504091515\\db\/plugins/boardmanager/
2025-08-22 15:12:05,247 [INFO] ApiDb:261 - Set plugin images path to: D:\Application\CubeIDE\STM32CubeIDE_1.18.1\STM32CubeIDE\plugins\com.st.stm32cube.common.mx_6.14.1.202504091515\\db\/plugins/mcufinder/images/
2025-08-22 15:12:05,248 [WARN] DbFile:41 - Overriding database path with different value: C:\Users\HP\.stmcufinder\plugins\mcufinder/ => C:\Users\HP\.stmcufinder\plugins\mcufinder
2025-08-22 15:12:05,248 [INFO] ApiDb:250 - Set database path to: C:\Users\HP\.stmcufinder\plugins\mcufinder//mcu/
2025-08-22 15:12:05,249 [WARN] DbFile:41 - Overriding database path with different value: C:\Users\HP\.stmcufinder\plugins\mcufinder/ => C:\Users\HP\.stmcufinder\plugins\mcufinder
2025-08-22 15:12:05,249 [INFO] DbMcusAds:125 - Set database path to: C:\Users\HP\.stmcufinder\plugins\mcufinder//mcu/
2025-08-22 15:12:05,249 [WARN] DbFile:41 - Overriding database path with different value: C:\Users\HP\.stmcufinder\plugins\mcufinder/ => C:\Users\HP\.stmcufinder\plugins\mcufinder
2025-08-22 15:12:05,249 [WARN] DbFile:41 - Overriding database path with different value: C:\Users\HP\.stmcufinder\plugins\mcufinder/ => C:\Users\HP\.stmcufinder\plugins\mcufinder
2025-08-22 15:12:05,249 [INFO] CrossReferenceDbSqlite:203 - Set database path to: C:\Users\HP\.stmcufinder\plugins\mcufinder//mcu/cs/
2025-08-22 15:12:05,362 [INFO] MainPanel:272 - HeapMemory: 268435456
2025-08-22 15:12:05,499 [INFO] DbMcusXml:78 - Set database path to: D:\Application\CubeIDE\STM32CubeIDE_1.18.1\STM32CubeIDE\plugins\com.st.stm32cube.common.mx_6.14.1.202504091515\\db\/mcu/
2025-08-22 15:12:05,499 [INFO] ApiDb:274 - Set plugin database path to: D:\Application\CubeIDE\STM32CubeIDE_1.18.1\STM32CubeIDE\plugins\com.st.stm32cube.common.mx_6.14.1.202504091515\\db\/plugins/boardmanager/
2025-08-22 15:12:05,499 [INFO] ApiDb:261 - Set plugin images path to: D:\Application\CubeIDE\STM32CubeIDE_1.18.1\STM32CubeIDE\plugins\com.st.stm32cube.common.mx_6.14.1.202504091515\\db\/plugins/mcufinder/images/
2025-08-22 15:12:05,500 [WARN] DbFile:41 - Overriding database path with different value: C:\Users\HP\.stmcufinder\plugins\mcufinder/ => C:\Users\HP\.stmcufinder\plugins\mcufinder
2025-08-22 15:12:05,500 [INFO] ApiDb:250 - Set database path to: C:\Users\HP\.stmcufinder\plugins\mcufinder//mcu/
2025-08-22 15:12:05,500 [WARN] DbFile:41 - Overriding database path with different value: C:\Users\HP\.stmcufinder\plugins\mcufinder/ => C:\Users\HP\.stmcufinder\plugins\mcufinder
2025-08-22 15:12:05,500 [INFO] DbMcusAds:125 - Set database path to: C:\Users\HP\.stmcufinder\plugins\mcufinder//mcu/
2025-08-22 15:12:05,500 [WARN] DbFile:41 - Overriding database path with different value: C:\Users\HP\.stmcufinder\plugins\mcufinder/ => C:\Users\HP\.stmcufinder\plugins\mcufinder
2025-08-22 15:12:05,500 [WARN] DbFile:41 - Overriding database path with different value: C:\Users\HP\.stmcufinder\plugins\mcufinder/ => C:\Users\HP\.stmcufinder\plugins\mcufinder
2025-08-22 15:12:05,501 [INFO] CrossReferenceDbSqlite:203 - Set database path to: C:\Users\HP\.stmcufinder\plugins\mcufinder//mcu/cs/
2025-08-22 15:12:05,528 [INFO] ApplicationProperties:184 - Using Application install path: D:\Application\CubeIDE\STM32CubeIDE_1.18.1\STM32CubeIDE\plugins\com.st.stm32cube.common.mx_6.14.1.202504091515
2025-08-22 15:12:05,531 [INFO] PluginManage:196 - Search for loadable plugins [exclusion list=, ]
2025-08-22 15:12:05,533 [INFO] PluginManage:310 - Check plugin analytics
2025-08-22 15:12:10,399 [INFO] AnalyticsPlugin:253 - Accepted Software Licenses: 
2025-08-22 15:12:10,399 [INFO] AnalyticsPlugin:255 - Accepted CMSIS Pack Licenses: 
2025-08-22 15:12:10,399 [INFO] AnalyticsPlugin:257 - Accepted Firmware Licenses: FW.G4.1.6.0
2025-08-22 15:12:10,403 [INFO] PluginManage:359 - Loaded plugin analytics (category:tool,tabindex:-1)
2025-08-22 15:12:10,404 [INFO] PluginManage:310 - Check plugin cadmodel
2025-08-22 15:12:10,410 [INFO] CADModel:105 - Init CAD model plugin
2025-08-22 15:12:10,410 [INFO] PluginManage:359 - Loaded plugin cadmodel (category:power,tabindex:5)
2025-08-22 15:12:10,410 [INFO] PluginManage:310 - Check plugin clock
2025-08-22 15:12:10,423 [INFO] PluginManage:359 - Loaded plugin clock (category:base,tabindex:2)
2025-08-22 15:12:10,424 [INFO] PluginManage:310 - Check plugin ddr
2025-08-22 15:12:10,427 [INFO] PluginManage:359 - Loaded plugin ddr (category:tool,tabindex:6)
2025-08-22 15:12:10,427 [INFO] PluginManage:310 - Check plugin filemanager
2025-08-22 15:12:10,668 [INFO] PluginManage:359 - Loaded plugin filemanager (category:base,tabindex:10)
2025-08-22 15:12:10,668 [INFO] PluginManage:310 - Check plugin ipmanager
2025-08-22 15:12:10,679 [INFO] PluginManage:359 - Loaded plugin ipmanager (category:base,tabindex:5)
2025-08-22 15:12:10,679 [INFO] PluginManage:310 - Check plugin lpbam
2025-08-22 15:12:10,691 [INFO] PluginManage:359 - Loaded plugin lpbam (category:base,tabindex:0)
2025-08-22 15:12:10,691 [INFO] PluginManage:310 - Check plugin memorymap
2025-08-22 15:12:10,710 [INFO] PluginManage:359 - Loaded plugin memorymap (category:base,tabindex:4)
2025-08-22 15:12:10,710 [INFO] PluginManage:310 - Check plugin pinoutandconfiguration
2025-08-22 15:12:10,722 [INFO] PluginManage:359 - Loaded plugin pinoutandconfiguration (category:base,tabindex:1)
2025-08-22 15:12:10,723 [INFO] PluginManage:310 - Check plugin pinoutconfig
2025-08-22 15:12:10,873 [WARN] SupportedApi:132 - Cannot load RTOS API schema: s4s-elt-must-match.1: The content of 'definitions' must match (annotation?, (simpleType | complexType)?, (unique | key | keyref)*)). A problem was found starting at: attribute.
2025-08-22 15:12:11,085 [INFO] PluginManage:359 - Loaded plugin pinoutconfig (category:base,tabindex:0)
2025-08-22 15:12:11,085 [INFO] PluginManage:310 - Check plugin power
2025-08-22 15:12:11,097 [INFO] PluginManage:359 - Loaded plugin power (category:power,tabindex:4)
2025-08-22 15:12:11,097 [INFO] PluginManage:310 - Check plugin projectmanager
2025-08-22 15:12:11,125 [INFO] PluginManage:359 - Loaded plugin projectmanager (category:projectmanager,tabindex:4)
2025-08-22 15:12:11,125 [INFO] PluginManage:310 - Check plugin rif
2025-08-22 15:12:11,135 [INFO] PluginManage:359 - Loaded plugin rif (category:base,tabindex:3)
2025-08-22 15:12:11,135 [INFO] PluginManage:310 - Check plugin thirdparty
2025-08-22 15:12:11,358 [INFO] PluginManage:359 - Loaded plugin thirdparty (category:base,tabindex:-1)
2025-08-22 15:12:11,358 [INFO] PluginManage:310 - Check plugin tools
2025-08-22 15:12:11,358 [WARN] IntegrityCheckThread:84 - waiting for thirdparty lock release [integrity check]
2025-08-22 15:12:11,358 [INFO] IntegrityCheckThread:86 - entering critical section [integrity check]
2025-08-22 15:12:11,358 [INFO] ThirdPartyUpdaterWithRetryManager:70 - Updater plugin not ready yet. [1/15]
2025-08-22 15:12:11,362 [INFO] PluginManage:359 - Loaded plugin tools (category:base,tabindex:7)
2025-08-22 15:12:11,362 [INFO] PluginManage:310 - Check plugin tutovideos
2025-08-22 15:12:11,625 [INFO] PluginManage:359 - Loaded plugin tutovideos (category:base,tabindex:-1)
2025-08-22 15:12:11,625 [INFO] PluginManage:310 - Check plugin updater
2025-08-22 15:12:11,660 [INFO] PluginManage:359 - Loaded plugin updater (category:base,tabindex:12)
2025-08-22 15:12:11,660 [INFO] PluginManage:310 - Check plugin userauth
2025-08-22 15:12:11,665 [INFO] UserAuth:118 - Init User Auth plugin
2025-08-22 15:12:11,667 [INFO] PluginManage:359 - Loaded plugin userauth (category:base,tabindex:14)
2025-08-22 15:12:11,667 [INFO] PluginManage:283 - PluginManage : Loaded plugins [18]
2025-08-22 15:12:11,980 [INFO] PinOutPanel:1589 - setPackage(No Configuration,No Configuration)
2025-08-22 15:12:12,115 [INFO] CADModel:165 - CPN selected for project level
2025-08-22 15:12:12,115 [INFO] CADModel:114 - Register for checkConnection events
2025-08-22 15:12:12,142 [INFO] IPUIPlugin:80 - create IPUIPlugin
2025-08-22 15:12:12,142 [INFO] PluginManager:220 - loadIPPluginJar : add adc
2025-08-22 15:12:12,146 [INFO] IPUIPlugin:80 - create IPUIPlugin
2025-08-22 15:12:12,146 [INFO] PluginManager:220 - loadIPPluginJar : add aes
2025-08-22 15:12:12,150 [INFO] IPUIPlugin:80 - create IPUIPlugin
2025-08-22 15:12:12,150 [INFO] PluginManager:220 - loadIPPluginJar : add can
2025-08-22 15:12:12,153 [INFO] IPUIPlugin:80 - create IPUIPlugin
2025-08-22 15:12:12,153 [INFO] PluginManager:220 - loadIPPluginJar : add comp
2025-08-22 15:12:12,157 [INFO] IPUIPlugin:80 - create IPUIPlugin
2025-08-22 15:12:12,157 [INFO] PluginManager:220 - loadIPPluginJar : add cryp
2025-08-22 15:12:12,161 [INFO] IPUIPlugin:80 - create IPUIPlugin
2025-08-22 15:12:12,161 [INFO] PluginManager:220 - loadIPPluginJar : add ddr_ctrl_phy
2025-08-22 15:12:12,165 [INFO] IPUIPlugin:80 - create IPUIPlugin
2025-08-22 15:12:12,165 [INFO] PluginManager:220 - loadIPPluginJar : add dfsdm
2025-08-22 15:12:12,173 [INFO] IPUIPlugin:80 - create IPUIPlugin
2025-08-22 15:12:12,174 [INFO] PluginManager:220 - loadIPPluginJar : add dma
2025-08-22 15:12:12,178 [INFO] IPUIPlugin:80 - create IPUIPlugin
2025-08-22 15:12:12,178 [INFO] PluginManager:220 - loadIPPluginJar : add dma3
2025-08-22 15:12:12,183 [INFO] IPUIPlugin:80 - create IPUIPlugin
2025-08-22 15:12:12,183 [INFO] PluginManager:220 - loadIPPluginJar : add extmemmanager
2025-08-22 15:12:12,185 [INFO] IPUIPlugin:80 - create IPUIPlugin
2025-08-22 15:12:12,186 [INFO] PluginManager:220 - loadIPPluginJar : add fatfs
2025-08-22 15:12:12,193 [INFO] IPUIPlugin:80 - create IPUIPlugin
2025-08-22 15:12:12,193 [INFO] PluginManager:220 - loadIPPluginJar : add fmc
2025-08-22 15:12:12,201 [INFO] IPUIPlugin:80 - create IPUIPlugin
2025-08-22 15:12:12,202 [INFO] PluginManager:220 - loadIPPluginJar : add freertos
2025-08-22 15:12:12,204 [INFO] IPUIPlugin:80 - create IPUIPlugin
2025-08-22 15:12:12,204 [INFO] PluginManager:220 - loadIPPluginJar : add genericplugin
2025-08-22 15:12:12,207 [INFO] IPUIPlugin:80 - create IPUIPlugin
2025-08-22 15:12:12,208 [INFO] PluginManager:220 - loadIPPluginJar : add gfxmmu
2025-08-22 15:12:12,215 [INFO] IPUIPlugin:80 - create IPUIPlugin
2025-08-22 15:12:12,215 [INFO] PluginManager:220 - loadIPPluginJar : add gic
2025-08-22 15:12:12,222 [INFO] IPUIPlugin:80 - create IPUIPlugin
2025-08-22 15:12:12,222 [INFO] PluginManager:220 - loadIPPluginJar : add gpio
2025-08-22 15:12:12,227 [INFO] IPUIPlugin:80 - create IPUIPlugin
2025-08-22 15:12:12,227 [INFO] PluginManager:220 - loadIPPluginJar : add gtzc
2025-08-22 15:12:12,231 [INFO] IPUIPlugin:80 - create IPUIPlugin
2025-08-22 15:12:12,231 [INFO] PluginManager:220 - loadIPPluginJar : add hash
2025-08-22 15:12:12,236 [INFO] IPUIPlugin:80 - create IPUIPlugin
2025-08-22 15:12:12,236 [INFO] PluginManager:220 - loadIPPluginJar : add i2c
2025-08-22 15:12:12,240 [INFO] IPUIPlugin:80 - create IPUIPlugin
2025-08-22 15:12:12,240 [INFO] PluginManager:220 - loadIPPluginJar : add i2s
2025-08-22 15:12:12,244 [INFO] IPUIPlugin:80 - create IPUIPlugin
2025-08-22 15:12:12,244 [INFO] PluginManager:220 - loadIPPluginJar : add i3c
2025-08-22 15:12:12,249 [INFO] IPUIPlugin:80 - create IPUIPlugin
2025-08-22 15:12:12,250 [INFO] PluginManager:220 - loadIPPluginJar : add ipddr
2025-08-22 15:12:12,260 [INFO] IPUIPlugin:80 - create IPUIPlugin
2025-08-22 15:12:12,260 [INFO] PluginManager:220 - loadIPPluginJar : add linkedlist
2025-08-22 15:12:12,266 [INFO] IPUIPlugin:80 - create IPUIPlugin
2025-08-22 15:12:12,266 [INFO] PluginManager:220 - loadIPPluginJar : add lorawan
2025-08-22 15:12:12,269 [INFO] IPUIPlugin:80 - create IPUIPlugin
2025-08-22 15:12:12,269 [INFO] PluginManager:220 - loadIPPluginJar : add ltdc
2025-08-22 15:12:12,276 [INFO] IPUIPlugin:80 - create IPUIPlugin
2025-08-22 15:12:12,276 [INFO] PluginManager:220 - loadIPPluginJar : add mdma
2025-08-22 15:12:12,281 [INFO] IPUIPlugin:80 - create IPUIPlugin
2025-08-22 15:12:12,281 [INFO] PluginManager:220 - loadIPPluginJar : add nvic
2025-08-22 15:12:12,286 [INFO] IPUIPlugin:80 - create IPUIPlugin
2025-08-22 15:12:12,286 [INFO] PluginManager:220 - loadIPPluginJar : add opamp
2025-08-22 15:12:12,291 [INFO] IPUIPlugin:80 - create IPUIPlugin
2025-08-22 15:12:12,291 [INFO] PluginManager:220 - loadIPPluginJar : add openamp
2025-08-22 15:12:12,296 [INFO] IPUIPlugin:80 - create IPUIPlugin
2025-08-22 15:12:12,296 [INFO] PluginManager:220 - loadIPPluginJar : add pdm2pcm
2025-08-22 15:12:12,306 [INFO] IPUIPlugin:80 - create IPUIPlugin
2025-08-22 15:12:12,310 [INFO] PluginManager:220 - loadIPPluginJar : add plateformsettings
2025-08-22 15:12:12,312 [INFO] IPUIPlugin:80 - create IPUIPlugin
2025-08-22 15:12:12,312 [INFO] PluginManager:220 - loadIPPluginJar : add quadspi
2025-08-22 15:12:12,315 [INFO] IPUIPlugin:80 - create IPUIPlugin
2025-08-22 15:12:12,316 [INFO] PluginManager:220 - loadIPPluginJar : add radio
2025-08-22 15:12:12,322 [INFO] IPUIPlugin:80 - create IPUIPlugin
2025-08-22 15:12:12,322 [INFO] PluginManager:220 - loadIPPluginJar : add resmgrutility
2025-08-22 15:12:12,327 [INFO] IPUIPlugin:80 - create IPUIPlugin
2025-08-22 15:12:12,327 [INFO] PluginManager:220 - loadIPPluginJar : add sai
2025-08-22 15:12:12,331 [INFO] IPUIPlugin:80 - create IPUIPlugin
2025-08-22 15:12:12,331 [INFO] PluginManager:220 - loadIPPluginJar : add spi
2025-08-22 15:12:12,341 [INFO] IPUIPlugin:80 - create IPUIPlugin
2025-08-22 15:12:12,342 [INFO] PluginManager:220 - loadIPPluginJar : add stm32_wpan
2025-08-22 15:12:12,344 [INFO] IPUIPlugin:80 - create IPUIPlugin
2025-08-22 15:12:12,345 [INFO] PluginManager:220 - loadIPPluginJar : add tim
2025-08-22 15:12:12,350 [INFO] IPUIPlugin:80 - create IPUIPlugin
2025-08-22 15:12:12,350 [INFO] PluginManager:220 - loadIPPluginJar : add touchsensing
2025-08-22 15:12:12,353 [INFO] IPUIPlugin:80 - create IPUIPlugin
2025-08-22 15:12:12,354 [INFO] PluginManager:220 - loadIPPluginJar : add tracer_emb
2025-08-22 15:12:12,357 [INFO] IPUIPlugin:80 - create IPUIPlugin
2025-08-22 15:12:12,357 [INFO] PluginManager:220 - loadIPPluginJar : add ts
2025-08-22 15:12:12,359 [INFO] IPUIPlugin:80 - create IPUIPlugin
2025-08-22 15:12:12,360 [INFO] PluginManager:220 - loadIPPluginJar : add tsc
2025-08-22 15:12:12,363 [INFO] IPUIPlugin:80 - create IPUIPlugin
2025-08-22 15:12:12,363 [INFO] PluginManager:220 - loadIPPluginJar : add ucpd
2025-08-22 15:12:12,367 [INFO] IPUIPlugin:80 - create IPUIPlugin
2025-08-22 15:12:12,367 [INFO] PluginManager:220 - loadIPPluginJar : add usart
2025-08-22 15:12:12,372 [INFO] IPUIPlugin:80 - create IPUIPlugin
2025-08-22 15:12:12,373 [INFO] PluginManager:220 - loadIPPluginJar : add usbx
2025-08-22 15:12:12,541 [FATAL] Updater:351 - Updater called before beeing initialized
2025-08-22 15:12:12,584 [INFO] RulesReader:64 - Compatibility file has been processed (302 Rules)
2025-08-22 15:12:12,602 [INFO] RulesReader:64 - Compatibility file has been processed (302 Rules)
2025-08-22 15:12:12,615 [INFO] CADModel:165 - CPN selected for project level
2025-08-22 15:12:12,615 [INFO] CADModel:114 - Register for checkConnection events
2025-08-22 15:12:12,615 [FATAL] Updater:351 - Updater called before beeing initialized
2025-08-22 15:12:12,616 [ERROR] CADModel:125 - Updater not yet initialized, retry later 
2025-08-22 15:12:12,844 [FATAL] Updater:351 - Updater called before beeing initialized
2025-08-22 15:12:12,846 [INFO] CADModel:165 - CPN selected for project level
2025-08-22 15:12:12,847 [INFO] CADModel:114 - Register for checkConnection events
2025-08-22 15:12:12,847 [FATAL] Updater:351 - Updater called before beeing initialized
2025-08-22 15:12:12,847 [ERROR] CADModel:125 - Updater not yet initialized, retry later 
2025-08-22 15:12:12,852 [FATAL] Updater:351 - Updater called before beeing initialized
2025-08-22 15:12:13,049 [FATAL] Updater:351 - Updater called before beeing initialized
2025-08-22 15:12:13,056 [INFO] DbMcusAds:53 - JSON generation date=Tue Jul 08 11:14:23 MSK 2025 (1751962463593)
2025-08-22 15:12:13,056 [FATAL] Updater:351 - Updater called before beeing initialized
2025-08-22 15:12:13,117 [WARN] DetailPanel:346 - Failed to get advertising image, set to default
2025-08-22 15:12:13,612 [FATAL] Updater:351 - Updater called before beeing initialized
2025-08-22 15:12:13,614 [FATAL] Updater:351 - Updater called before beeing initialized
2025-08-22 15:12:13,614 [FATAL] Updater:351 - Updater called before beeing initialized
2025-08-22 15:12:13,615 [WARN] DetailPanel:346 - Failed to get advertising image, set to default
2025-08-22 15:12:13,616 [FATAL] Updater:351 - Updater called before beeing initialized
2025-08-22 15:12:13,694 [ERROR] Updater:1198 - MainUpdater not yet initialized. External WinMGr cannot be set.
2025-08-22 15:12:13,697 [INFO] Updater:1134 - Updater Version found : 6.14.1
2025-08-22 15:12:13,724 [INFO] ApplicationProperties:184 - Using Application install path: D:\Application\CubeIDE\STM32CubeIDE_1.18.1\STM32CubeIDE\plugins\com.st.stm32cube.common.mx_6.14.1.202504091515
2025-08-22 15:12:14,128 [ERROR] CheckConnectionManager:249 - Problem, Http access forbiden
2025-08-22 15:12:14,133 [INFO] MainUpdater:2872 - connection check result : 22
2025-08-22 15:12:14,134 [INFO] MainUpdater:289 - Updater Check For Update Now.
2025-08-22 15:12:14,134 [INFO] MicroXplorer:498 - Change Database Version : DB.6.0.141
2025-08-22 15:12:14,143 [INFO] McuFinderGlobals:63 - Set McuFinder mode to 2 (CubeIDE integrated)
2025-08-22 15:12:14,143 [INFO] UserAuth:171 - activating auth plugin
2025-08-22 15:12:14,147 [INFO] UserAuth:484 - Internet connection configuration mode: 2
2025-08-22 15:12:14,186 [INFO] UserAuth:484 - Internet connection configuration mode: 2
2025-08-22 15:12:14,359 [WARN] MainUpdater:1193 - Updater busy. Cannot search thirdparties
2025-08-22 15:12:14,360 [INFO] ThirdPartyUpdaterWithRetryManager:96 - Updater plugin is busy. [1/15]
2025-08-22 15:12:14,381 [INFO] CheckServerUpdateThread:120 - End of CheckServer Thread
2025-08-22 15:12:17,657 [WARN] PackLoader:240 - Cannot read IP mode file for STMicroelectronics.FP-SNS-MOTENVWB1.1.4.0
2025-08-22 15:12:17,669 [WARN] PackLoader:240 - Cannot read IP mode file for STMicroelectronics.FP-ATR-ASTRA1.2.0.2
2025-08-22 15:12:17,685 [WARN] PackLoader:240 - Cannot read IP mode file for STMicroelectronics.X-CUBE-SMBUS.2.1.0
2025-08-22 15:12:17,699 [WARN] PackLoader:240 - Cannot read IP mode file for STMicroelectronics.X-CUBE-WB05N.1.1.0
2025-08-22 15:12:17,747 [WARN] PackLoader:240 - Cannot read IP mode file for STMicroelectronics.X-CUBE-AZRTOS-F7.1.1.0
2025-08-22 15:12:17,799 [WARN] PackLoader:240 - Cannot read IP mode file for Infineon.AIROC-Wi-Fi-Bluetooth-STM32.1.7.0
2025-08-22 15:12:17,823 [WARN] PackLoader:240 - Cannot read IP mode file for STMicroelectronics.X-CUBE-DISPLAY.3.0.0
2025-08-22 15:12:17,843 [WARN] PackLoader:240 - Cannot read IP mode file for STMicroelectronics.X-CUBE-NFC10.1.0.0
2025-08-22 15:12:17,861 [WARN] PackLoader:240 - Cannot read IP mode file for STMicroelectronics.X-CUBE-BLEMGR.4.0.0
2025-08-22 15:12:17,874 [WARN] PackLoader:240 - Cannot read IP mode file for emotas.I-CUBE-CANOPEN.1.3.0
2025-08-22 15:12:17,881 [WARN] ConditionMgr:438 - getConditionDescription Invalid condition id : Cortex-A Device cause : null
2025-08-22 15:12:17,908 [WARN] ConditionMgr:1044 - genDependencies : Invalid condition id : Cortex-A Device cause : null
2025-08-22 15:12:17,909 [WARN] ConditionMgr:1044 - genDependencies : Invalid condition id : Cortex-A Device cause : null
2025-08-22 15:12:17,909 [WARN] ConditionMgr:1044 - genDependencies : Invalid condition id : Cortex-A Device cause : null
2025-08-22 15:12:17,915 [WARN] PackLoader:240 - Cannot read IP mode file for STMicroelectronics.X-CUBE-AI.10.0.0
2025-08-22 15:12:17,924 [WARN] PackLoader:240 - Cannot read IP mode file for STMicroelectronics.FP-SNS-SMARTAG2.1.2.0
2025-08-22 15:12:17,931 [WARN] PackLoader:240 - Cannot read IP mode file for STMicroelectronics.FP-SNS-FLIGHT1.5.1.0
2025-08-22 15:12:18,007 [WARN] PackLoader:240 - Cannot read IP mode file for STMicroelectronics.X-CUBE-MEMS1.11.1.0
2025-08-22 15:12:18,231 [INFO] LogOutputStream:77 - [STDOUT_REDIRECT] 1 : Invalid condition id : UX_CORESTACK_Condition cause : null
2025-08-22 15:12:18,232 [INFO] LogOutputStream:77 - [STDOUT_REDIRECT] 1 : Invalid condition id : UX_CORESTACK_Condition cause : null
2025-08-22 15:12:18,235 [INFO] LogOutputStream:77 - [STDOUT_REDIRECT] 1 : Invalid condition id : UX_CORESTACK_Condition cause : null
2025-08-22 15:12:18,237 [INFO] LogOutputStream:77 - [STDOUT_REDIRECT] 1 : Invalid condition id : UX_CORESTACK_Condition cause : null
2025-08-22 15:12:18,239 [INFO] LogOutputStream:77 - [STDOUT_REDIRECT] 1 : Invalid condition id : UX_CORESTACK_Condition cause : null
2025-08-22 15:12:18,244 [WARN] PackLoader:240 - Cannot read IP mode file for STMicroelectronics.X-CUBE-AZRTOS-WL.2.0.0
2025-08-22 15:12:18,253 [WARN] PackLoader:240 - Cannot read IP mode file for STMicroelectronics.FP-SNS-MOTENV1.5.0.0
2025-08-22 15:12:18,266 [WARN] PackLoader:240 - Cannot read IP mode file for WES.I-CUBE-Cesium.1.3.0
2025-08-22 15:12:18,273 [WARN] PackLoader:240 - Cannot read IP mode file for STMicroelectronics.X-CUBE-BLE2.3.3.0
2025-08-22 15:12:18,282 [WARN] PackLoader:240 - Cannot read IP mode file for STMicroelectronics.X-CUBE-NFC9.1.0.0
2025-08-22 15:12:18,292 [WARN] PackLoader:240 - Cannot read IP mode file for STMicroelectronics.X-CUBE-BLE1.7.1.0
2025-08-22 15:12:18,298 [WARN] PackLoader:240 - Cannot read IP mode file for wolfSSL.I-CUBE-wolfMQTT.1.19.2
2025-08-22 15:12:18,361 [WARN] PackLoader:240 - Cannot read IP mode file for STMicroelectronics.X-CUBE-MEMS1.11.2.0
2025-08-22 15:12:18,551 [WARN] PackLoader:240 - Cannot read IP mode file for STMicroelectronics.X-CUBE-AZRTOS-G0.1.1.0
2025-08-22 15:12:18,563 [WARN] PackLoader:240 - Cannot read IP mode file for STMicroelectronics.X-CUBE-SAFEA1.1.2.2
2025-08-22 15:12:18,572 [WARN] PackLoader:240 - Cannot read IP mode file for STMicroelectronics.X-CUBE-NFC4.3.0.0
2025-08-22 15:12:18,612 [WARN] PackLoader:240 - Cannot read IP mode file for EmbeddedOffice.I-CUBE-FS-RTOS.1.0.1
2025-08-22 15:12:18,622 [WARN] PackLoader:240 - Cannot read IP mode file for STMicroelectronics.X-CUBE-WB05N.2.0.0
2025-08-22 15:12:18,630 [WARN] PackLoader:240 - Cannot read IP mode file for wolfSSL.I-CUBE-wolfTPM.3.8.0
2025-08-22 15:12:18,640 [WARN] PackLoader:240 - Cannot read IP mode file for STMicroelectronics.X-CUBE-TCPP.4.2.0
2025-08-22 15:12:18,648 [WARN] PackLoader:240 - Cannot read IP mode file for STMicroelectronics.FP-ATR-SIGFOX1.3.2.0
2025-08-22 15:12:18,658 [WARN] PackLoader:240 - Cannot read IP mode file for STMicroelectronics.X-CUBE-EEPRMA1.5.1.0
2025-08-22 15:12:18,665 [WARN] PackLoader:240 - Cannot read IP mode file for wolfSSL.I-CUBE-wolfSSL.5.7.6
2025-08-22 15:12:18,674 [WARN] PackLoader:240 - Cannot read IP mode file for ITTIA_DB.I-CUBE-ITTIADB.8.9.0
2025-08-22 15:12:18,707 [WARN] PackLoader:240 - Cannot read IP mode file for SEGGER.I-CUBE-embOS.1.3.1
2025-08-22 15:12:18,758 [WARN] PackLoader:240 - Cannot read IP mode file for STMicroelectronics.X-CUBE-ALGOBUILD.1.4.0
2025-08-22 15:12:18,779 [WARN] PackLoader:240 - Cannot read IP mode file for STMicroelectronics.X-CUBE-AZRTOS-F4.1.1.0
2025-08-22 15:12:18,789 [WARN] PackLoader:240 - Cannot read IP mode file for Avnet-IotConnect.X-CUBE-IoTC-DA16k-PMOD.1.0.0
2025-08-22 15:12:18,795 [WARN] PackLoader:240 - Cannot read IP mode file for STMicroelectronics.X-CUBE-ISPU.2.1.0
2025-08-22 15:12:18,821 [WARN] PackLoader:240 - Cannot read IP mode file for STMicroelectronics.X-CUBE-AZRTOS-L5.2.0.0
2025-08-22 15:12:18,834 [WARN] PackLoader:240 - Cannot read IP mode file for STMicroelectronics.X-CUBE-NFC6.3.1.0
2025-08-22 15:12:18,844 [WARN] PackLoader:240 - Cannot read IP mode file for STMicroelectronics.X-CUBE-FREERTOS.1.3.0
2025-08-22 15:12:18,851 [WARN] PackLoader:240 - Cannot read IP mode file for STMicroelectronics.X-CUBE-NFC7.1.0.1
2025-08-22 15:12:18,861 [WARN] PackLoader:240 - Cannot read IP mode file for STMicroelectronics.X-CUBE-DPower.1.3.0
2025-08-22 15:12:18,883 [WARN] ConditionMgr:438 - getConditionDescription Invalid condition id : LAN8742 Phy interface Condition cause : null
2025-08-22 15:12:18,884 [WARN] PackLoader:240 - Cannot read IP mode file for STMicroelectronics.X-CUBE-AZRTOS-L4.2.0.0
2025-08-22 15:12:18,886 [WARN] ConditionMgr:1044 - genDependencies : Invalid condition id : LAN8742 Phy interface Condition cause : null
2025-08-22 15:12:18,886 [WARN] ConditionMgr:1044 - genDependencies : Invalid condition id : LAN8742 Phy interface Condition cause : null
2025-08-22 15:12:18,887 [WARN] ConditionMgr:1044 - genDependencies : Invalid condition id : LAN8742 Phy interface Condition cause : null
2025-08-22 15:12:18,898 [WARN] PackLoader:240 - Cannot read IP mode file for STMicroelectronics.X-CUBE-SFXS2LP1.4.0.0
2025-08-22 15:12:18,924 [WARN] PackLoader:240 - Cannot read IP mode file for STMicroelectronics.X-CUBE-AZRTOS-H7.3.3.0
2025-08-22 15:12:18,943 [WARN] ConditionMgr:438 - getConditionDescription Invalid condition id : UX DEVICE CLASS RTOS Condition cause : null
2025-08-22 15:12:18,943 [WARN] ConditionMgr:438 - getConditionDescription Invalid condition id : UX DEVICE CLASS RTOS Condition cause : null
2025-08-22 15:12:18,945 [WARN] PackLoader:240 - Cannot read IP mode file for STMicroelectronics.X-CUBE-AZRTOS-WB.2.0.0
2025-08-22 15:12:18,946 [WARN] ConditionMgr:1044 - genDependencies : Invalid condition id : UX DEVICE CLASS RTOS Condition cause : null
2025-08-22 15:12:18,946 [WARN] ConditionMgr:1044 - genDependencies : Invalid condition id : UX DEVICE CLASS RTOS Condition cause : null
2025-08-22 15:12:18,947 [WARN] ConditionMgr:1044 - genDependencies : Invalid condition id : UX DEVICE CLASS RTOS Condition cause : null
2025-08-22 15:12:18,947 [WARN] ConditionMgr:1044 - genDependencies : Invalid condition id : UX DEVICE CLASS RTOS Condition cause : null
2025-08-22 15:12:18,947 [WARN] ConditionMgr:1044 - genDependencies : Invalid condition id : UX DEVICE CLASS RTOS Condition cause : null
2025-08-22 15:12:18,955 [WARN] PackLoader:240 - Cannot read IP mode file for STMicroelectronics.X-CUBE-GNSS1.7.0.1
2025-08-22 15:12:18,969 [WARN] PackLoader:240 - Cannot read IP mode file for STMicroelectronics.X-CUBE-TOUCHGFX.4.25.0
2025-08-22 15:12:18,978 [WARN] PackLoader:240 - Cannot read IP mode file for STMicroelectronics.FP-SNS-STBOX1.2.0.0
2025-08-22 15:12:18,993 [WARN] PackLoader:240 - Cannot read IP mode file for STMicroelectronics.X-CUBE-SUBG2.5.0.0
2025-08-22 15:12:19,019 [WARN] PackLoader:240 - Cannot read IP mode file for STMicroelectronics.X-CUBE-AZRTOS-H7RS.1.1.0
2025-08-22 15:12:19,029 [WARN] PackLoader:240 - Cannot read IP mode file for Cesanta.I-CUBE-Mongoose.7.13.0
2025-08-22 15:12:19,046 [WARN] PackLoader:240 - Cannot read IP mode file for STMicroelectronics.X-CUBE-AZRTOS-G4.2.0.0
2025-08-22 15:12:19,054 [WARN] PackLoader:240 - Cannot read IP mode file for wolfSSL.I-CUBE-wolfSSH.1.4.20
2025-08-22 15:12:19,068 [WARN] PackLoader:240 - Cannot read IP mode file for STMicroelectronics.X-CUBE-IPS.3.1.0
2025-08-22 15:12:19,081 [WARN] PackLoader:240 - Cannot read IP mode file for STMicroelectronics.X-CUBE-ALS.1.0.2
2025-08-22 15:12:19,089 [WARN] PackLoader:240 - Cannot read IP mode file for portGmbH.I-Cube-SoM-uGOAL.1.1.0
2025-08-22 15:12:19,102 [WARN] PackLoader:240 - Cannot read IP mode file for STMicroelectronics.X-CUBE-TOF1.3.4.2
2025-08-22 15:12:19,125 [WARN] PackLoader:240 - Cannot read IP mode file for STMicroelectronics.X-CUBE-TOF1.3.4.3
2025-08-22 15:12:19,139 [INFO] ThirdParty:978 - Integrity check success = true
2025-08-22 15:12:19,139 [INFO] IntegrityCheckThread:100 - exiting critical section [integrity check]
2025-08-22 15:12:19,139 [INFO] IntegrityCheckThread:103 - End integrity checks thread
2025-08-22 15:14:20,874 [INFO] Activator:176 - 


2025-08-22 15:14:20,877 [INFO] Activator:177 - !SESSION log4j initialized
2025-08-22 15:14:24,336 [INFO] LogOutputStream:77 - [STDOUT_REDIRECT] 
2025-08-22 15:14:44,109 [INFO] ApplicationProperties:184 - Using Application install path: D:\Application\CubeIDE\STM32CubeIDE_1.18.1\STM32CubeIDE\plugins\com.st.stm32cube.common.mx_6.14.1.202504091515
2025-08-22 15:14:44,137 [INFO] DbMcusXml:78 - Set database path to: D:\Application\CubeIDE\STM32CubeIDE_1.18.1\STM32CubeIDE\plugins\com.st.stm32cube.common.mx_6.14.1.202504091515\\db\/mcu/
2025-08-22 15:14:44,137 [INFO] ApiDb:274 - Set plugin database path to: D:\Application\CubeIDE\STM32CubeIDE_1.18.1\STM32CubeIDE\plugins\com.st.stm32cube.common.mx_6.14.1.202504091515\\db\/plugins/boardmanager/
2025-08-22 15:14:44,138 [WARN] ApiDb:259 - Overriding images path with different value:  => D:\Application\CubeIDE\STM32CubeIDE_1.18.1\STM32CubeIDE\plugins\com.st.stm32cube.common.mx_6.14.1.202504091515\\db\/plugins/mcufinder/images/
2025-08-22 15:14:44,147 [INFO] ApiDb:250 - Set database path to: C:\Users\HP\.stmcufinder\plugins\mcufinder//mcu/
2025-08-22 15:14:44,149 [INFO] DbMcusAds:125 - Set database path to: C:\Users\HP\.stmcufinder\plugins\mcufinder//mcu/
2025-08-22 15:14:44,156 [INFO] CrossReferenceDbSqlite:203 - Set database path to: C:\Users\HP\.stmcufinder\plugins\mcufinder//mcu/cs/
2025-08-22 15:14:44,336 [INFO] RulesReader:64 - Compatibility file has been processed (302 Rules)
2025-08-22 15:14:44,475 [INFO] DbMcusXml:78 - Set database path to: D:\Application\CubeIDE\STM32CubeIDE_1.18.1\STM32CubeIDE\plugins\com.st.stm32cube.common.mx_6.14.1.202504091515\\db\/mcu/
2025-08-22 15:14:44,475 [INFO] ApiDb:274 - Set plugin database path to: D:\Application\CubeIDE\STM32CubeIDE_1.18.1\STM32CubeIDE\plugins\com.st.stm32cube.common.mx_6.14.1.202504091515\\db\/plugins/boardmanager/
2025-08-22 15:14:44,475 [INFO] ApiDb:261 - Set plugin images path to: D:\Application\CubeIDE\STM32CubeIDE_1.18.1\STM32CubeIDE\plugins\com.st.stm32cube.common.mx_6.14.1.202504091515\\db\/plugins/mcufinder/images/
2025-08-22 15:14:44,475 [WARN] DbFile:41 - Overriding database path with different value: C:\Users\HP\.stmcufinder\plugins\mcufinder/ => C:\Users\HP\.stmcufinder\plugins\mcufinder
2025-08-22 15:14:44,476 [INFO] ApiDb:250 - Set database path to: C:\Users\HP\.stmcufinder\plugins\mcufinder//mcu/
2025-08-22 15:14:44,476 [WARN] DbFile:41 - Overriding database path with different value: C:\Users\HP\.stmcufinder\plugins\mcufinder/ => C:\Users\HP\.stmcufinder\plugins\mcufinder
2025-08-22 15:14:44,476 [INFO] DbMcusAds:125 - Set database path to: C:\Users\HP\.stmcufinder\plugins\mcufinder//mcu/
2025-08-22 15:14:44,476 [WARN] DbFile:41 - Overriding database path with different value: C:\Users\HP\.stmcufinder\plugins\mcufinder/ => C:\Users\HP\.stmcufinder\plugins\mcufinder
2025-08-22 15:14:44,476 [WARN] DbFile:41 - Overriding database path with different value: C:\Users\HP\.stmcufinder\plugins\mcufinder/ => C:\Users\HP\.stmcufinder\plugins\mcufinder
2025-08-22 15:14:44,477 [INFO] CrossReferenceDbSqlite:203 - Set database path to: C:\Users\HP\.stmcufinder\plugins\mcufinder//mcu/cs/
2025-08-22 15:14:44,591 [INFO] MainPanel:272 - HeapMemory: 268435456
2025-08-22 15:14:44,781 [INFO] DbMcusXml:78 - Set database path to: D:\Application\CubeIDE\STM32CubeIDE_1.18.1\STM32CubeIDE\plugins\com.st.stm32cube.common.mx_6.14.1.202504091515\\db\/mcu/
2025-08-22 15:14:44,781 [INFO] ApiDb:274 - Set plugin database path to: D:\Application\CubeIDE\STM32CubeIDE_1.18.1\STM32CubeIDE\plugins\com.st.stm32cube.common.mx_6.14.1.202504091515\\db\/plugins/boardmanager/
2025-08-22 15:14:44,782 [INFO] ApiDb:261 - Set plugin images path to: D:\Application\CubeIDE\STM32CubeIDE_1.18.1\STM32CubeIDE\plugins\com.st.stm32cube.common.mx_6.14.1.202504091515\\db\/plugins/mcufinder/images/
2025-08-22 15:14:44,782 [WARN] DbFile:41 - Overriding database path with different value: C:\Users\HP\.stmcufinder\plugins\mcufinder/ => C:\Users\HP\.stmcufinder\plugins\mcufinder
2025-08-22 15:14:44,782 [INFO] ApiDb:250 - Set database path to: C:\Users\HP\.stmcufinder\plugins\mcufinder//mcu/
2025-08-22 15:14:44,783 [WARN] DbFile:41 - Overriding database path with different value: C:\Users\HP\.stmcufinder\plugins\mcufinder/ => C:\Users\HP\.stmcufinder\plugins\mcufinder
2025-08-22 15:14:44,783 [INFO] DbMcusAds:125 - Set database path to: C:\Users\HP\.stmcufinder\plugins\mcufinder//mcu/
2025-08-22 15:14:44,783 [WARN] DbFile:41 - Overriding database path with different value: C:\Users\HP\.stmcufinder\plugins\mcufinder/ => C:\Users\HP\.stmcufinder\plugins\mcufinder
2025-08-22 15:14:44,783 [WARN] DbFile:41 - Overriding database path with different value: C:\Users\HP\.stmcufinder\plugins\mcufinder/ => C:\Users\HP\.stmcufinder\plugins\mcufinder
2025-08-22 15:14:44,783 [INFO] CrossReferenceDbSqlite:203 - Set database path to: C:\Users\HP\.stmcufinder\plugins\mcufinder//mcu/cs/
2025-08-22 15:14:44,811 [INFO] ApplicationProperties:184 - Using Application install path: D:\Application\CubeIDE\STM32CubeIDE_1.18.1\STM32CubeIDE\plugins\com.st.stm32cube.common.mx_6.14.1.202504091515
2025-08-22 15:14:44,813 [INFO] PluginManage:196 - Search for loadable plugins [exclusion list=, ]
2025-08-22 15:14:44,815 [INFO] PluginManage:310 - Check plugin analytics
2025-08-22 15:14:49,617 [INFO] AnalyticsPlugin:253 - Accepted Software Licenses: 
2025-08-22 15:14:49,617 [INFO] AnalyticsPlugin:255 - Accepted CMSIS Pack Licenses: 
2025-08-22 15:14:49,617 [INFO] AnalyticsPlugin:257 - Accepted Firmware Licenses: FW.G4.1.6.0
2025-08-22 15:14:49,622 [INFO] PluginManage:359 - Loaded plugin analytics (category:tool,tabindex:-1)
2025-08-22 15:14:49,622 [INFO] PluginManage:310 - Check plugin cadmodel
2025-08-22 15:14:49,628 [INFO] CADModel:105 - Init CAD model plugin
2025-08-22 15:14:49,628 [INFO] PluginManage:359 - Loaded plugin cadmodel (category:power,tabindex:5)
2025-08-22 15:14:49,628 [INFO] PluginManage:310 - Check plugin clock
2025-08-22 15:14:49,641 [INFO] PluginManage:359 - Loaded plugin clock (category:base,tabindex:2)
2025-08-22 15:14:49,642 [INFO] PluginManage:310 - Check plugin ddr
2025-08-22 15:14:49,645 [INFO] PluginManage:359 - Loaded plugin ddr (category:tool,tabindex:6)
2025-08-22 15:14:49,645 [INFO] PluginManage:310 - Check plugin filemanager
2025-08-22 15:14:49,881 [INFO] PluginManage:359 - Loaded plugin filemanager (category:base,tabindex:10)
2025-08-22 15:14:49,882 [INFO] PluginManage:310 - Check plugin ipmanager
2025-08-22 15:14:49,892 [INFO] PluginManage:359 - Loaded plugin ipmanager (category:base,tabindex:5)
2025-08-22 15:14:49,893 [INFO] PluginManage:310 - Check plugin lpbam
2025-08-22 15:14:49,907 [INFO] PluginManage:359 - Loaded plugin lpbam (category:base,tabindex:0)
2025-08-22 15:14:49,908 [INFO] PluginManage:310 - Check plugin memorymap
2025-08-22 15:14:49,925 [INFO] PluginManage:359 - Loaded plugin memorymap (category:base,tabindex:4)
2025-08-22 15:14:49,925 [INFO] PluginManage:310 - Check plugin pinoutandconfiguration
2025-08-22 15:14:49,936 [INFO] PluginManage:359 - Loaded plugin pinoutandconfiguration (category:base,tabindex:1)
2025-08-22 15:14:49,937 [INFO] PluginManage:310 - Check plugin pinoutconfig
2025-08-22 15:14:50,079 [WARN] SupportedApi:132 - Cannot load RTOS API schema: s4s-elt-must-match.1: The content of 'definitions' must match (annotation?, (simpleType | complexType)?, (unique | key | keyref)*)). A problem was found starting at: attribute.
2025-08-22 15:14:50,276 [INFO] PluginManage:359 - Loaded plugin pinoutconfig (category:base,tabindex:0)
2025-08-22 15:14:50,276 [INFO] PluginManage:310 - Check plugin power
2025-08-22 15:14:50,288 [INFO] PluginManage:359 - Loaded plugin power (category:power,tabindex:4)
2025-08-22 15:14:50,288 [INFO] PluginManage:310 - Check plugin projectmanager
2025-08-22 15:14:50,315 [INFO] PluginManage:359 - Loaded plugin projectmanager (category:projectmanager,tabindex:4)
2025-08-22 15:14:50,315 [INFO] PluginManage:310 - Check plugin rif
2025-08-22 15:14:50,324 [INFO] PluginManage:359 - Loaded plugin rif (category:base,tabindex:3)
2025-08-22 15:14:50,325 [INFO] PluginManage:310 - Check plugin thirdparty
2025-08-22 15:14:50,532 [INFO] PluginManage:359 - Loaded plugin thirdparty (category:base,tabindex:-1)
2025-08-22 15:14:50,532 [INFO] PluginManage:310 - Check plugin tools
2025-08-22 15:14:50,532 [WARN] IntegrityCheckThread:84 - waiting for thirdparty lock release [integrity check]
2025-08-22 15:14:50,533 [INFO] IntegrityCheckThread:86 - entering critical section [integrity check]
2025-08-22 15:14:50,533 [INFO] ThirdPartyUpdaterWithRetryManager:70 - Updater plugin not ready yet. [1/15]
2025-08-22 15:14:50,536 [INFO] PluginManage:359 - Loaded plugin tools (category:base,tabindex:7)
2025-08-22 15:14:50,536 [INFO] PluginManage:310 - Check plugin tutovideos
2025-08-22 15:14:50,790 [INFO] PluginManage:359 - Loaded plugin tutovideos (category:base,tabindex:-1)
2025-08-22 15:14:50,790 [INFO] PluginManage:310 - Check plugin updater
2025-08-22 15:14:50,824 [INFO] PluginManage:359 - Loaded plugin updater (category:base,tabindex:12)
2025-08-22 15:14:50,824 [INFO] PluginManage:310 - Check plugin userauth
2025-08-22 15:14:50,829 [INFO] UserAuth:118 - Init User Auth plugin
2025-08-22 15:14:50,830 [INFO] PluginManage:359 - Loaded plugin userauth (category:base,tabindex:14)
2025-08-22 15:14:50,831 [INFO] PluginManage:283 - PluginManage : Loaded plugins [18]
2025-08-22 15:14:51,142 [INFO] PinOutPanel:1589 - setPackage(No Configuration,No Configuration)
2025-08-22 15:14:51,277 [INFO] CADModel:165 - CPN selected for project level
2025-08-22 15:14:51,278 [INFO] CADModel:114 - Register for checkConnection events
2025-08-22 15:14:51,303 [INFO] IPUIPlugin:80 - create IPUIPlugin
2025-08-22 15:14:51,304 [INFO] PluginManager:220 - loadIPPluginJar : add adc
2025-08-22 15:14:51,308 [INFO] IPUIPlugin:80 - create IPUIPlugin
2025-08-22 15:14:51,308 [INFO] PluginManager:220 - loadIPPluginJar : add aes
2025-08-22 15:14:51,312 [INFO] IPUIPlugin:80 - create IPUIPlugin
2025-08-22 15:14:51,313 [INFO] PluginManager:220 - loadIPPluginJar : add can
2025-08-22 15:14:51,315 [INFO] IPUIPlugin:80 - create IPUIPlugin
2025-08-22 15:14:51,316 [INFO] PluginManager:220 - loadIPPluginJar : add comp
2025-08-22 15:14:51,319 [INFO] IPUIPlugin:80 - create IPUIPlugin
2025-08-22 15:14:51,320 [INFO] PluginManager:220 - loadIPPluginJar : add cryp
2025-08-22 15:14:51,323 [INFO] IPUIPlugin:80 - create IPUIPlugin
2025-08-22 15:14:51,324 [INFO] PluginManager:220 - loadIPPluginJar : add ddr_ctrl_phy
2025-08-22 15:14:51,327 [INFO] IPUIPlugin:80 - create IPUIPlugin
2025-08-22 15:14:51,328 [INFO] PluginManager:220 - loadIPPluginJar : add dfsdm
2025-08-22 15:14:51,336 [INFO] IPUIPlugin:80 - create IPUIPlugin
2025-08-22 15:14:51,337 [INFO] PluginManager:220 - loadIPPluginJar : add dma
2025-08-22 15:14:51,341 [INFO] IPUIPlugin:80 - create IPUIPlugin
2025-08-22 15:14:51,341 [INFO] PluginManager:220 - loadIPPluginJar : add dma3
2025-08-22 15:14:51,345 [INFO] IPUIPlugin:80 - create IPUIPlugin
2025-08-22 15:14:51,345 [INFO] PluginManager:220 - loadIPPluginJar : add extmemmanager
2025-08-22 15:14:51,348 [INFO] IPUIPlugin:80 - create IPUIPlugin
2025-08-22 15:14:51,348 [INFO] PluginManager:220 - loadIPPluginJar : add fatfs
2025-08-22 15:14:51,355 [INFO] IPUIPlugin:80 - create IPUIPlugin
2025-08-22 15:14:51,355 [INFO] PluginManager:220 - loadIPPluginJar : add fmc
2025-08-22 15:14:51,363 [INFO] IPUIPlugin:80 - create IPUIPlugin
2025-08-22 15:14:51,363 [INFO] PluginManager:220 - loadIPPluginJar : add freertos
2025-08-22 15:14:51,365 [INFO] IPUIPlugin:80 - create IPUIPlugin
2025-08-22 15:14:51,366 [INFO] PluginManager:220 - loadIPPluginJar : add genericplugin
2025-08-22 15:14:51,369 [INFO] IPUIPlugin:80 - create IPUIPlugin
2025-08-22 15:14:51,369 [INFO] PluginManager:220 - loadIPPluginJar : add gfxmmu
2025-08-22 15:14:51,376 [INFO] IPUIPlugin:80 - create IPUIPlugin
2025-08-22 15:14:51,377 [INFO] PluginManager:220 - loadIPPluginJar : add gic
2025-08-22 15:14:51,383 [INFO] IPUIPlugin:80 - create IPUIPlugin
2025-08-22 15:14:51,383 [INFO] PluginManager:220 - loadIPPluginJar : add gpio
2025-08-22 15:14:51,388 [INFO] IPUIPlugin:80 - create IPUIPlugin
2025-08-22 15:14:51,388 [INFO] PluginManager:220 - loadIPPluginJar : add gtzc
2025-08-22 15:14:51,391 [INFO] IPUIPlugin:80 - create IPUIPlugin
2025-08-22 15:14:51,392 [INFO] PluginManager:220 - loadIPPluginJar : add hash
2025-08-22 15:14:51,396 [INFO] IPUIPlugin:80 - create IPUIPlugin
2025-08-22 15:14:51,396 [INFO] PluginManager:220 - loadIPPluginJar : add i2c
2025-08-22 15:14:51,400 [INFO] IPUIPlugin:80 - create IPUIPlugin
2025-08-22 15:14:51,401 [INFO] PluginManager:220 - loadIPPluginJar : add i2s
2025-08-22 15:14:51,409 [INFO] IPUIPlugin:80 - create IPUIPlugin
2025-08-22 15:14:51,409 [INFO] PluginManager:220 - loadIPPluginJar : add i3c
2025-08-22 15:14:51,415 [INFO] IPUIPlugin:80 - create IPUIPlugin
2025-08-22 15:14:51,415 [INFO] PluginManager:220 - loadIPPluginJar : add ipddr
2025-08-22 15:14:51,425 [INFO] IPUIPlugin:80 - create IPUIPlugin
2025-08-22 15:14:51,426 [INFO] PluginManager:220 - loadIPPluginJar : add linkedlist
2025-08-22 15:14:51,430 [INFO] IPUIPlugin:80 - create IPUIPlugin
2025-08-22 15:14:51,431 [INFO] PluginManager:220 - loadIPPluginJar : add lorawan
2025-08-22 15:14:51,433 [INFO] IPUIPlugin:80 - create IPUIPlugin
2025-08-22 15:14:51,433 [INFO] PluginManager:220 - loadIPPluginJar : add ltdc
2025-08-22 15:14:51,442 [INFO] IPUIPlugin:80 - create IPUIPlugin
2025-08-22 15:14:51,442 [INFO] PluginManager:220 - loadIPPluginJar : add mdma
2025-08-22 15:14:51,447 [INFO] IPUIPlugin:80 - create IPUIPlugin
2025-08-22 15:14:51,448 [INFO] PluginManager:220 - loadIPPluginJar : add nvic
2025-08-22 15:14:51,453 [INFO] IPUIPlugin:80 - create IPUIPlugin
2025-08-22 15:14:51,453 [INFO] PluginManager:220 - loadIPPluginJar : add opamp
2025-08-22 15:14:51,458 [INFO] IPUIPlugin:80 - create IPUIPlugin
2025-08-22 15:14:51,458 [INFO] PluginManager:220 - loadIPPluginJar : add openamp
2025-08-22 15:14:51,463 [INFO] IPUIPlugin:80 - create IPUIPlugin
2025-08-22 15:14:51,463 [INFO] PluginManager:220 - loadIPPluginJar : add pdm2pcm
2025-08-22 15:14:51,472 [INFO] IPUIPlugin:80 - create IPUIPlugin
2025-08-22 15:14:51,476 [INFO] PluginManager:220 - loadIPPluginJar : add plateformsettings
2025-08-22 15:14:51,479 [INFO] IPUIPlugin:80 - create IPUIPlugin
2025-08-22 15:14:51,479 [INFO] PluginManager:220 - loadIPPluginJar : add quadspi
2025-08-22 15:14:51,482 [INFO] IPUIPlugin:80 - create IPUIPlugin
2025-08-22 15:14:51,483 [INFO] PluginManager:220 - loadIPPluginJar : add radio
2025-08-22 15:14:51,487 [INFO] IPUIPlugin:80 - create IPUIPlugin
2025-08-22 15:14:51,488 [INFO] PluginManager:220 - loadIPPluginJar : add resmgrutility
2025-08-22 15:14:51,492 [INFO] IPUIPlugin:80 - create IPUIPlugin
2025-08-22 15:14:51,492 [INFO] PluginManager:220 - loadIPPluginJar : add sai
2025-08-22 15:14:51,496 [INFO] IPUIPlugin:80 - create IPUIPlugin
2025-08-22 15:14:51,496 [INFO] PluginManager:220 - loadIPPluginJar : add spi
2025-08-22 15:14:51,506 [INFO] IPUIPlugin:80 - create IPUIPlugin
2025-08-22 15:14:51,506 [INFO] PluginManager:220 - loadIPPluginJar : add stm32_wpan
2025-08-22 15:14:51,509 [INFO] IPUIPlugin:80 - create IPUIPlugin
2025-08-22 15:14:51,509 [INFO] PluginManager:220 - loadIPPluginJar : add tim
2025-08-22 15:14:51,514 [INFO] IPUIPlugin:80 - create IPUIPlugin
2025-08-22 15:14:51,514 [INFO] PluginManager:220 - loadIPPluginJar : add touchsensing
2025-08-22 15:14:51,518 [INFO] IPUIPlugin:80 - create IPUIPlugin
2025-08-22 15:14:51,518 [INFO] PluginManager:220 - loadIPPluginJar : add tracer_emb
2025-08-22 15:14:51,521 [INFO] IPUIPlugin:80 - create IPUIPlugin
2025-08-22 15:14:51,521 [INFO] PluginManager:220 - loadIPPluginJar : add ts
2025-08-22 15:14:51,524 [INFO] IPUIPlugin:80 - create IPUIPlugin
2025-08-22 15:14:51,524 [INFO] PluginManager:220 - loadIPPluginJar : add tsc
2025-08-22 15:14:51,527 [INFO] IPUIPlugin:80 - create IPUIPlugin
2025-08-22 15:14:51,527 [INFO] PluginManager:220 - loadIPPluginJar : add ucpd
2025-08-22 15:14:51,531 [INFO] IPUIPlugin:80 - create IPUIPlugin
2025-08-22 15:14:51,532 [INFO] PluginManager:220 - loadIPPluginJar : add usart
2025-08-22 15:14:51,536 [INFO] IPUIPlugin:80 - create IPUIPlugin
2025-08-22 15:14:51,536 [INFO] PluginManager:220 - loadIPPluginJar : add usbx
2025-08-22 15:14:51,712 [FATAL] Updater:351 - Updater called before beeing initialized
2025-08-22 15:14:51,755 [INFO] RulesReader:64 - Compatibility file has been processed (302 Rules)
2025-08-22 15:14:51,772 [INFO] RulesReader:64 - Compatibility file has been processed (302 Rules)
2025-08-22 15:14:51,786 [INFO] CADModel:165 - CPN selected for project level
2025-08-22 15:14:51,786 [INFO] CADModel:114 - Register for checkConnection events
2025-08-22 15:14:51,786 [FATAL] Updater:351 - Updater called before beeing initialized
2025-08-22 15:14:51,786 [ERROR] CADModel:125 - Updater not yet initialized, retry later 
2025-08-22 15:14:52,040 [FATAL] Updater:351 - Updater called before beeing initialized
2025-08-22 15:14:52,043 [INFO] CADModel:165 - CPN selected for project level
2025-08-22 15:14:52,043 [INFO] CADModel:114 - Register for checkConnection events
2025-08-22 15:14:52,043 [FATAL] Updater:351 - Updater called before beeing initialized
2025-08-22 15:14:52,043 [ERROR] CADModel:125 - Updater not yet initialized, retry later 
2025-08-22 15:14:52,049 [FATAL] Updater:351 - Updater called before beeing initialized
2025-08-22 15:14:52,225 [FATAL] Updater:351 - Updater called before beeing initialized
2025-08-22 15:14:52,231 [INFO] DbMcusAds:53 - JSON generation date=Tue Jul 08 11:14:23 MSK 2025 (1751962463593)
2025-08-22 15:14:52,231 [FATAL] Updater:351 - Updater called before beeing initialized
2025-08-22 15:14:52,291 [WARN] DetailPanel:346 - Failed to get advertising image, set to default
2025-08-22 15:14:52,775 [FATAL] Updater:351 - Updater called before beeing initialized
2025-08-22 15:14:52,777 [FATAL] Updater:351 - Updater called before beeing initialized
2025-08-22 15:14:52,777 [FATAL] Updater:351 - Updater called before beeing initialized
2025-08-22 15:14:52,778 [WARN] DetailPanel:346 - Failed to get advertising image, set to default
2025-08-22 15:14:52,779 [FATAL] Updater:351 - Updater called before beeing initialized
2025-08-22 15:14:52,864 [ERROR] Updater:1198 - MainUpdater not yet initialized. External WinMGr cannot be set.
2025-08-22 15:14:52,866 [INFO] Updater:1134 - Updater Version found : 6.14.1
2025-08-22 15:14:52,893 [INFO] ApplicationProperties:184 - Using Application install path: D:\Application\CubeIDE\STM32CubeIDE_1.18.1\STM32CubeIDE\plugins\com.st.stm32cube.common.mx_6.14.1.202504091515
2025-08-22 15:14:53,335 [ERROR] CheckConnectionManager:249 - Problem, Http access forbiden
2025-08-22 15:14:53,341 [INFO] MainUpdater:2872 - connection check result : 22
2025-08-22 15:14:53,342 [INFO] MainUpdater:289 - Updater Check For Update Now.
2025-08-22 15:14:53,342 [INFO] MicroXplorer:498 - Change Database Version : DB.6.0.141
2025-08-22 15:14:53,352 [INFO] McuFinderGlobals:63 - Set McuFinder mode to 2 (CubeIDE integrated)
2025-08-22 15:14:53,353 [INFO] UserAuth:171 - activating auth plugin
2025-08-22 15:14:53,359 [INFO] UserAuth:484 - Internet connection configuration mode: 2
2025-08-22 15:14:53,402 [INFO] UserAuth:484 - Internet connection configuration mode: 2
2025-08-22 15:14:53,535 [WARN] MainUpdater:1193 - Updater busy. Cannot search thirdparties
2025-08-22 15:14:53,536 [INFO] ThirdPartyUpdaterWithRetryManager:96 - Updater plugin is busy. [1/15]
2025-08-22 15:14:53,594 [INFO] CheckServerUpdateThread:120 - End of CheckServer Thread
2025-08-22 15:14:56,839 [WARN] PackLoader:240 - Cannot read IP mode file for STMicroelectronics.FP-SNS-MOTENVWB1.1.4.0
2025-08-22 15:14:56,852 [WARN] PackLoader:240 - Cannot read IP mode file for STMicroelectronics.FP-ATR-ASTRA1.2.0.2
2025-08-22 15:14:56,869 [WARN] PackLoader:240 - Cannot read IP mode file for STMicroelectronics.X-CUBE-SMBUS.2.1.0
2025-08-22 15:14:56,882 [WARN] PackLoader:240 - Cannot read IP mode file for STMicroelectronics.X-CUBE-WB05N.1.1.0
2025-08-22 15:14:56,930 [WARN] PackLoader:240 - Cannot read IP mode file for STMicroelectronics.X-CUBE-AZRTOS-F7.1.1.0
2025-08-22 15:14:56,988 [WARN] PackLoader:240 - Cannot read IP mode file for Infineon.AIROC-Wi-Fi-Bluetooth-STM32.1.7.0
2025-08-22 15:14:57,012 [WARN] PackLoader:240 - Cannot read IP mode file for STMicroelectronics.X-CUBE-DISPLAY.3.0.0
2025-08-22 15:14:57,032 [WARN] PackLoader:240 - Cannot read IP mode file for STMicroelectronics.X-CUBE-NFC10.1.0.0
2025-08-22 15:14:57,051 [WARN] PackLoader:240 - Cannot read IP mode file for STMicroelectronics.X-CUBE-BLEMGR.4.0.0
2025-08-22 15:14:57,064 [WARN] PackLoader:240 - Cannot read IP mode file for emotas.I-CUBE-CANOPEN.1.3.0
2025-08-22 15:14:57,071 [WARN] ConditionMgr:438 - getConditionDescription Invalid condition id : Cortex-A Device cause : null
2025-08-22 15:14:57,118 [WARN] ConditionMgr:1044 - genDependencies : Invalid condition id : Cortex-A Device cause : null
2025-08-22 15:14:57,118 [WARN] ConditionMgr:1044 - genDependencies : Invalid condition id : Cortex-A Device cause : null
2025-08-22 15:14:57,118 [WARN] ConditionMgr:1044 - genDependencies : Invalid condition id : Cortex-A Device cause : null
2025-08-22 15:14:57,125 [WARN] PackLoader:240 - Cannot read IP mode file for STMicroelectronics.X-CUBE-AI.10.0.0
2025-08-22 15:14:57,133 [WARN] PackLoader:240 - Cannot read IP mode file for STMicroelectronics.FP-SNS-SMARTAG2.1.2.0
2025-08-22 15:14:57,141 [WARN] PackLoader:240 - Cannot read IP mode file for STMicroelectronics.FP-SNS-FLIGHT1.5.1.0
2025-08-22 15:14:57,210 [WARN] PackLoader:240 - Cannot read IP mode file for STMicroelectronics.X-CUBE-MEMS1.11.1.0
2025-08-22 15:14:57,445 [INFO] LogOutputStream:77 - [STDOUT_REDIRECT] 1 : Invalid condition id : UX_CORESTACK_Condition cause : null
2025-08-22 15:14:57,446 [INFO] LogOutputStream:77 - [STDOUT_REDIRECT] 1 : Invalid condition id : UX_CORESTACK_Condition cause : null
2025-08-22 15:14:57,448 [INFO] LogOutputStream:77 - [STDOUT_REDIRECT] 1 : Invalid condition id : UX_CORESTACK_Condition cause : null
2025-08-22 15:14:57,451 [INFO] LogOutputStream:77 - [STDOUT_REDIRECT] 1 : Invalid condition id : UX_CORESTACK_Condition cause : null
2025-08-22 15:14:57,453 [INFO] LogOutputStream:77 - [STDOUT_REDIRECT] 1 : Invalid condition id : UX_CORESTACK_Condition cause : null
2025-08-22 15:14:57,457 [WARN] PackLoader:240 - Cannot read IP mode file for STMicroelectronics.X-CUBE-AZRTOS-WL.2.0.0
2025-08-22 15:14:57,465 [WARN] PackLoader:240 - Cannot read IP mode file for STMicroelectronics.FP-SNS-MOTENV1.5.0.0
2025-08-22 15:14:57,479 [WARN] PackLoader:240 - Cannot read IP mode file for WES.I-CUBE-Cesium.1.3.0
2025-08-22 15:14:57,489 [WARN] PackLoader:240 - Cannot read IP mode file for STMicroelectronics.X-CUBE-BLE2.3.3.0
2025-08-22 15:14:57,497 [WARN] PackLoader:240 - Cannot read IP mode file for STMicroelectronics.X-CUBE-NFC9.1.0.0
2025-08-22 15:14:57,505 [WARN] PackLoader:240 - Cannot read IP mode file for STMicroelectronics.X-CUBE-BLE1.7.1.0
2025-08-22 15:14:57,512 [WARN] PackLoader:240 - Cannot read IP mode file for wolfSSL.I-CUBE-wolfMQTT.1.19.2
2025-08-22 15:14:57,572 [WARN] PackLoader:240 - Cannot read IP mode file for STMicroelectronics.X-CUBE-MEMS1.11.2.0
2025-08-22 15:14:57,767 [WARN] PackLoader:240 - Cannot read IP mode file for STMicroelectronics.X-CUBE-AZRTOS-G0.1.1.0
2025-08-22 15:14:57,810 [WARN] PackLoader:240 - Cannot read IP mode file for STMicroelectronics.X-CUBE-SAFEA1.1.2.2
2025-08-22 15:14:57,822 [WARN] PackLoader:240 - Cannot read IP mode file for STMicroelectronics.X-CUBE-NFC4.3.0.0
2025-08-22 15:14:57,833 [WARN] PackLoader:240 - Cannot read IP mode file for EmbeddedOffice.I-CUBE-FS-RTOS.1.0.1
2025-08-22 15:14:57,841 [WARN] PackLoader:240 - Cannot read IP mode file for STMicroelectronics.X-CUBE-WB05N.2.0.0
2025-08-22 15:14:57,848 [WARN] PackLoader:240 - Cannot read IP mode file for wolfSSL.I-CUBE-wolfTPM.3.8.0
2025-08-22 15:14:57,855 [WARN] PackLoader:240 - Cannot read IP mode file for STMicroelectronics.X-CUBE-TCPP.4.2.0
2025-08-22 15:14:57,862 [WARN] PackLoader:240 - Cannot read IP mode file for STMicroelectronics.FP-ATR-SIGFOX1.3.2.0
2025-08-22 15:14:57,871 [WARN] PackLoader:240 - Cannot read IP mode file for STMicroelectronics.X-CUBE-EEPRMA1.5.1.0
2025-08-22 15:14:57,878 [WARN] PackLoader:240 - Cannot read IP mode file for wolfSSL.I-CUBE-wolfSSL.5.7.6
2025-08-22 15:14:57,886 [WARN] PackLoader:240 - Cannot read IP mode file for ITTIA_DB.I-CUBE-ITTIADB.8.9.0
2025-08-22 15:14:57,919 [WARN] PackLoader:240 - Cannot read IP mode file for SEGGER.I-CUBE-embOS.1.3.1
2025-08-22 15:14:57,968 [WARN] PackLoader:240 - Cannot read IP mode file for STMicroelectronics.X-CUBE-ALGOBUILD.1.4.0
2025-08-22 15:14:58,000 [WARN] PackLoader:240 - Cannot read IP mode file for STMicroelectronics.X-CUBE-AZRTOS-F4.1.1.0
2025-08-22 15:14:58,010 [WARN] PackLoader:240 - Cannot read IP mode file for Avnet-IotConnect.X-CUBE-IoTC-DA16k-PMOD.1.0.0
2025-08-22 15:14:58,018 [WARN] PackLoader:240 - Cannot read IP mode file for STMicroelectronics.X-CUBE-ISPU.2.1.0
2025-08-22 15:14:58,040 [WARN] PackLoader:240 - Cannot read IP mode file for STMicroelectronics.X-CUBE-AZRTOS-L5.2.0.0
2025-08-22 15:14:58,054 [WARN] PackLoader:240 - Cannot read IP mode file for STMicroelectronics.X-CUBE-NFC6.3.1.0
2025-08-22 15:14:58,064 [WARN] PackLoader:240 - Cannot read IP mode file for STMicroelectronics.X-CUBE-FREERTOS.1.3.0
2025-08-22 15:14:58,071 [WARN] PackLoader:240 - Cannot read IP mode file for STMicroelectronics.X-CUBE-NFC7.1.0.1
2025-08-22 15:14:58,081 [WARN] PackLoader:240 - Cannot read IP mode file for STMicroelectronics.X-CUBE-DPower.1.3.0
2025-08-22 15:14:58,113 [WARN] ConditionMgr:438 - getConditionDescription Invalid condition id : LAN8742 Phy interface Condition cause : null
2025-08-22 15:14:58,115 [WARN] PackLoader:240 - Cannot read IP mode file for STMicroelectronics.X-CUBE-AZRTOS-L4.2.0.0
2025-08-22 15:14:58,117 [WARN] ConditionMgr:1044 - genDependencies : Invalid condition id : LAN8742 Phy interface Condition cause : null
2025-08-22 15:14:58,118 [WARN] ConditionMgr:1044 - genDependencies : Invalid condition id : LAN8742 Phy interface Condition cause : null
2025-08-22 15:14:58,119 [WARN] ConditionMgr:1044 - genDependencies : Invalid condition id : LAN8742 Phy interface Condition cause : null
2025-08-22 15:14:58,130 [WARN] PackLoader:240 - Cannot read IP mode file for STMicroelectronics.X-CUBE-SFXS2LP1.4.0.0
2025-08-22 15:14:58,157 [WARN] PackLoader:240 - Cannot read IP mode file for STMicroelectronics.X-CUBE-AZRTOS-H7.3.3.0
2025-08-22 15:14:58,177 [WARN] ConditionMgr:438 - getConditionDescription Invalid condition id : UX DEVICE CLASS RTOS Condition cause : null
2025-08-22 15:14:58,177 [WARN] ConditionMgr:438 - getConditionDescription Invalid condition id : UX DEVICE CLASS RTOS Condition cause : null
2025-08-22 15:14:58,180 [WARN] PackLoader:240 - Cannot read IP mode file for STMicroelectronics.X-CUBE-AZRTOS-WB.2.0.0
2025-08-22 15:14:58,181 [WARN] ConditionMgr:1044 - genDependencies : Invalid condition id : UX DEVICE CLASS RTOS Condition cause : null
2025-08-22 15:14:58,181 [WARN] ConditionMgr:1044 - genDependencies : Invalid condition id : UX DEVICE CLASS RTOS Condition cause : null
2025-08-22 15:14:58,182 [WARN] ConditionMgr:1044 - genDependencies : Invalid condition id : UX DEVICE CLASS RTOS Condition cause : null
2025-08-22 15:14:58,182 [WARN] ConditionMgr:1044 - genDependencies : Invalid condition id : UX DEVICE CLASS RTOS Condition cause : null
2025-08-22 15:14:58,182 [WARN] ConditionMgr:1044 - genDependencies : Invalid condition id : UX DEVICE CLASS RTOS Condition cause : null
2025-08-22 15:14:58,190 [WARN] PackLoader:240 - Cannot read IP mode file for STMicroelectronics.X-CUBE-GNSS1.7.0.1
2025-08-22 15:14:58,205 [WARN] PackLoader:240 - Cannot read IP mode file for STMicroelectronics.X-CUBE-TOUCHGFX.4.25.0
2025-08-22 15:14:58,214 [WARN] PackLoader:240 - Cannot read IP mode file for STMicroelectronics.FP-SNS-STBOX1.2.0.0
2025-08-22 15:14:58,229 [WARN] PackLoader:240 - Cannot read IP mode file for STMicroelectronics.X-CUBE-SUBG2.5.0.0
2025-08-22 15:14:58,259 [WARN] PackLoader:240 - Cannot read IP mode file for STMicroelectronics.X-CUBE-AZRTOS-H7RS.1.1.0
2025-08-22 15:14:58,268 [WARN] PackLoader:240 - Cannot read IP mode file for Cesanta.I-CUBE-Mongoose.7.13.0
2025-08-22 15:14:58,286 [WARN] PackLoader:240 - Cannot read IP mode file for STMicroelectronics.X-CUBE-AZRTOS-G4.2.0.0
2025-08-22 15:14:58,295 [WARN] PackLoader:240 - Cannot read IP mode file for wolfSSL.I-CUBE-wolfSSH.1.4.20
2025-08-22 15:14:58,309 [WARN] PackLoader:240 - Cannot read IP mode file for STMicroelectronics.X-CUBE-IPS.3.1.0
2025-08-22 15:14:58,321 [WARN] PackLoader:240 - Cannot read IP mode file for STMicroelectronics.X-CUBE-ALS.1.0.2
2025-08-22 15:14:58,330 [WARN] PackLoader:240 - Cannot read IP mode file for portGmbH.I-Cube-SoM-uGOAL.1.1.0
2025-08-22 15:14:58,345 [WARN] PackLoader:240 - Cannot read IP mode file for STMicroelectronics.X-CUBE-TOF1.3.4.2
2025-08-22 15:14:58,369 [WARN] PackLoader:240 - Cannot read IP mode file for STMicroelectronics.X-CUBE-TOF1.3.4.3
2025-08-22 15:14:58,383 [INFO] ThirdParty:978 - Integrity check success = true
2025-08-22 15:14:58,383 [INFO] IntegrityCheckThread:100 - exiting critical section [integrity check]
2025-08-22 15:14:58,383 [INFO] IntegrityCheckThread:103 - End integrity checks thread
2025-08-22 15:16:09,702 [INFO] Activator:176 - 


2025-08-22 15:16:09,704 [INFO] Activator:177 - !SESSION log4j initialized
2025-08-22 15:16:12,861 [INFO] LogOutputStream:77 - [STDOUT_REDIRECT] 
2025-08-22 15:17:25,725 [INFO] ApplicationProperties:184 - Using Application install path: D:\Application\CubeIDE\STM32CubeIDE_1.18.1\STM32CubeIDE\plugins\com.st.stm32cube.common.mx_6.14.1.202504091515
2025-08-22 15:17:25,743 [INFO] DbMcusXml:78 - Set database path to: D:\Application\CubeIDE\STM32CubeIDE_1.18.1\STM32CubeIDE\plugins\com.st.stm32cube.common.mx_6.14.1.202504091515\\db\/mcu/
2025-08-22 15:17:25,743 [INFO] ApiDb:274 - Set plugin database path to: D:\Application\CubeIDE\STM32CubeIDE_1.18.1\STM32CubeIDE\plugins\com.st.stm32cube.common.mx_6.14.1.202504091515\\db\/plugins/boardmanager/
2025-08-22 15:17:25,743 [WARN] ApiDb:259 - Overriding images path with different value:  => D:\Application\CubeIDE\STM32CubeIDE_1.18.1\STM32CubeIDE\plugins\com.st.stm32cube.common.mx_6.14.1.202504091515\\db\/plugins/mcufinder/images/
2025-08-22 15:17:25,749 [INFO] ApiDb:250 - Set database path to: C:\Users\HP\.stmcufinder\plugins\mcufinder//mcu/
2025-08-22 15:17:25,750 [INFO] DbMcusAds:125 - Set database path to: C:\Users\HP\.stmcufinder\plugins\mcufinder//mcu/
2025-08-22 15:17:25,756 [INFO] CrossReferenceDbSqlite:203 - Set database path to: C:\Users\HP\.stmcufinder\plugins\mcufinder//mcu/cs/
2025-08-22 15:17:25,857 [INFO] RulesReader:64 - Compatibility file has been processed (302 Rules)
2025-08-22 15:17:25,939 [INFO] DbMcusXml:78 - Set database path to: D:\Application\CubeIDE\STM32CubeIDE_1.18.1\STM32CubeIDE\plugins\com.st.stm32cube.common.mx_6.14.1.202504091515\\db\/mcu/
2025-08-22 15:17:25,939 [INFO] ApiDb:274 - Set plugin database path to: D:\Application\CubeIDE\STM32CubeIDE_1.18.1\STM32CubeIDE\plugins\com.st.stm32cube.common.mx_6.14.1.202504091515\\db\/plugins/boardmanager/
2025-08-22 15:17:25,940 [INFO] ApiDb:261 - Set plugin images path to: D:\Application\CubeIDE\STM32CubeIDE_1.18.1\STM32CubeIDE\plugins\com.st.stm32cube.common.mx_6.14.1.202504091515\\db\/plugins/mcufinder/images/
2025-08-22 15:17:25,940 [WARN] DbFile:41 - Overriding database path with different value: C:\Users\HP\.stmcufinder\plugins\mcufinder/ => C:\Users\HP\.stmcufinder\plugins\mcufinder
2025-08-22 15:17:25,941 [INFO] ApiDb:250 - Set database path to: C:\Users\HP\.stmcufinder\plugins\mcufinder//mcu/
2025-08-22 15:17:25,941 [WARN] DbFile:41 - Overriding database path with different value: C:\Users\HP\.stmcufinder\plugins\mcufinder/ => C:\Users\HP\.stmcufinder\plugins\mcufinder
2025-08-22 15:17:25,942 [INFO] DbMcusAds:125 - Set database path to: C:\Users\HP\.stmcufinder\plugins\mcufinder//mcu/
2025-08-22 15:17:25,942 [WARN] DbFile:41 - Overriding database path with different value: C:\Users\HP\.stmcufinder\plugins\mcufinder/ => C:\Users\HP\.stmcufinder\plugins\mcufinder
2025-08-22 15:17:25,942 [WARN] DbFile:41 - Overriding database path with different value: C:\Users\HP\.stmcufinder\plugins\mcufinder/ => C:\Users\HP\.stmcufinder\plugins\mcufinder
2025-08-22 15:17:25,942 [INFO] CrossReferenceDbSqlite:203 - Set database path to: C:\Users\HP\.stmcufinder\plugins\mcufinder//mcu/cs/
2025-08-22 15:17:26,042 [INFO] MainPanel:272 - HeapMemory: 268435456
2025-08-22 15:17:26,149 [INFO] DbMcusXml:78 - Set database path to: D:\Application\CubeIDE\STM32CubeIDE_1.18.1\STM32CubeIDE\plugins\com.st.stm32cube.common.mx_6.14.1.202504091515\\db\/mcu/
2025-08-22 15:17:26,149 [INFO] ApiDb:274 - Set plugin database path to: D:\Application\CubeIDE\STM32CubeIDE_1.18.1\STM32CubeIDE\plugins\com.st.stm32cube.common.mx_6.14.1.202504091515\\db\/plugins/boardmanager/
2025-08-22 15:17:26,149 [INFO] ApiDb:261 - Set plugin images path to: D:\Application\CubeIDE\STM32CubeIDE_1.18.1\STM32CubeIDE\plugins\com.st.stm32cube.common.mx_6.14.1.202504091515\\db\/plugins/mcufinder/images/
2025-08-22 15:17:26,150 [WARN] DbFile:41 - Overriding database path with different value: C:\Users\HP\.stmcufinder\plugins\mcufinder/ => C:\Users\HP\.stmcufinder\plugins\mcufinder
2025-08-22 15:17:26,150 [INFO] ApiDb:250 - Set database path to: C:\Users\HP\.stmcufinder\plugins\mcufinder//mcu/
2025-08-22 15:17:26,150 [WARN] DbFile:41 - Overriding database path with different value: C:\Users\HP\.stmcufinder\plugins\mcufinder/ => C:\Users\HP\.stmcufinder\plugins\mcufinder
2025-08-22 15:17:26,150 [INFO] DbMcusAds:125 - Set database path to: C:\Users\HP\.stmcufinder\plugins\mcufinder//mcu/
2025-08-22 15:17:26,150 [WARN] DbFile:41 - Overriding database path with different value: C:\Users\HP\.stmcufinder\plugins\mcufinder/ => C:\Users\HP\.stmcufinder\plugins\mcufinder
2025-08-22 15:17:26,150 [WARN] DbFile:41 - Overriding database path with different value: C:\Users\HP\.stmcufinder\plugins\mcufinder/ => C:\Users\HP\.stmcufinder\plugins\mcufinder
2025-08-22 15:17:26,150 [INFO] CrossReferenceDbSqlite:203 - Set database path to: C:\Users\HP\.stmcufinder\plugins\mcufinder//mcu/cs/
2025-08-22 15:17:26,167 [INFO] ApplicationProperties:184 - Using Application install path: D:\Application\CubeIDE\STM32CubeIDE_1.18.1\STM32CubeIDE\plugins\com.st.stm32cube.common.mx_6.14.1.202504091515
2025-08-22 15:17:26,168 [INFO] PluginManage:196 - Search for loadable plugins [exclusion list=, ]
2025-08-22 15:17:26,170 [INFO] PluginManage:310 - Check plugin analytics
